0 info it worked if it ends with ok
1 verbose cli [ 'C:\\Program Files\\nodejs\\\\node.exe',
1 verbose cli   'C:\\Program Files\\nodejs\\node_modules\\npm\\bin\\npm-cli.js',
1 verbose cli   'install' ]
2 info using npm@1.4.14
3 info using node@v0.10.29
4 verbose node symlink C:\Program Files\nodejs\\node.exe
5 verbose readDependencies using package.json deps
6 verbose install where, deps [ 'C:\\Users\\Arnold\\Afrizik\\Afrizikwebapp',
6 verbose install   [ 'grunt',
6 verbose install     'grunt-autoprefixer',
6 verbose install     'grunt-concurrent',
6 verbose install     'grunt-contrib-clean',
6 verbose install     'grunt-contrib-concat',
6 verbose install     'grunt-contrib-connect',
6 verbose install     'grunt-contrib-copy',
6 verbose install     'grunt-contrib-cssmin',
6 verbose install     'grunt-contrib-htmlmin',
6 verbose install     'grunt-contrib-imagemin',
6 verbose install     'grunt-contrib-jshint',
6 verbose install     'grunt-contrib-uglify',
6 verbose install     'grunt-contrib-watch',
6 verbose install     'grunt-filerev',
6 verbose install     'grunt-google-cdn',
6 verbose install     'grunt-karma',
6 verbose install     'grunt-newer',
6 verbose install     'grunt-ng-annotate',
6 verbose install     'grunt-svgmin',
6 verbose install     'grunt-usemin',
6 verbose install     'grunt-wiredep',
6 verbose install     'jshint-stylish',
6 verbose install     'karma-jasmine',
6 verbose install     'karma-phantomjs-launcher',
6 verbose install     'load-grunt-tasks',
6 verbose install     'time-grunt' ] ]
7 info preinstall afrizikwebapp@0.0.0
8 verbose readDependencies using package.json deps
9 verbose already installed skipping grunt-newer@^1.1.0 C:\Users\Arnold\Afrizik\Afrizikwebapp
10 verbose already installed skipping grunt-contrib-jshint@^0.11.0 C:\Users\Arnold\Afrizik\Afrizikwebapp
11 verbose already installed skipping grunt-ng-annotate@^0.9.2 C:\Users\Arnold\Afrizik\Afrizikwebapp
12 verbose already installed skipping grunt-contrib-uglify@^0.7.0 C:\Users\Arnold\Afrizik\Afrizikwebapp
13 verbose already installed skipping grunt-svgmin@^2.0.0 C:\Users\Arnold\Afrizik\Afrizikwebapp
14 verbose already installed skipping grunt-contrib-watch@^0.6.1 C:\Users\Arnold\Afrizik\Afrizikwebapp
15 verbose already installed skipping grunt-filerev@^2.1.2 C:\Users\Arnold\Afrizik\Afrizikwebapp
16 verbose already installed skipping grunt-usemin@^3.0.0 C:\Users\Arnold\Afrizik\Afrizikwebapp
17 verbose already installed skipping grunt-google-cdn@^0.4.3 C:\Users\Arnold\Afrizik\Afrizikwebapp
18 verbose already installed skipping grunt-wiredep@^2.0.0 C:\Users\Arnold\Afrizik\Afrizikwebapp
19 verbose cache add [ 'grunt-karma@*', null ]
20 verbose cache add name=undefined spec="grunt-karma@*" args=["grunt-karma@*",null]
21 verbose parsed url { protocol: null,
21 verbose parsed url   slashes: null,
21 verbose parsed url   auth: null,
21 verbose parsed url   host: null,
21 verbose parsed url   port: null,
21 verbose parsed url   hostname: null,
21 verbose parsed url   hash: null,
21 verbose parsed url   search: null,
21 verbose parsed url   query: null,
21 verbose parsed url   pathname: 'grunt-karma@*',
21 verbose parsed url   path: 'grunt-karma@*',
21 verbose parsed url   href: 'grunt-karma@*' }
22 verbose already installed skipping jshint-stylish@^1.0.0 C:\Users\Arnold\Afrizik\Afrizikwebapp
23 verbose cache add [ 'karma-jasmine@*', null ]
24 verbose cache add name=undefined spec="karma-jasmine@*" args=["karma-jasmine@*",null]
25 verbose parsed url { protocol: null,
25 verbose parsed url   slashes: null,
25 verbose parsed url   auth: null,
25 verbose parsed url   host: null,
25 verbose parsed url   port: null,
25 verbose parsed url   hostname: null,
25 verbose parsed url   hash: null,
25 verbose parsed url   search: null,
25 verbose parsed url   query: null,
25 verbose parsed url   pathname: 'karma-jasmine@*',
25 verbose parsed url   path: 'karma-jasmine@*',
25 verbose parsed url   href: 'karma-jasmine@*' }
26 verbose cache add [ 'karma-phantomjs-launcher@*', null ]
27 verbose cache add name=undefined spec="karma-phantomjs-launcher@*" args=["karma-phantomjs-launcher@*",null]
28 verbose parsed url { protocol: null,
28 verbose parsed url   slashes: null,
28 verbose parsed url   auth: null,
28 verbose parsed url   host: null,
28 verbose parsed url   port: null,
28 verbose parsed url   hostname: null,
28 verbose parsed url   hash: null,
28 verbose parsed url   search: null,
28 verbose parsed url   query: null,
28 verbose parsed url   pathname: 'karma-phantomjs-launcher@*',
28 verbose parsed url   path: 'karma-phantomjs-launcher@*',
28 verbose parsed url   href: 'karma-phantomjs-launcher@*' }
29 verbose already installed skipping load-grunt-tasks@^3.1.0 C:\Users\Arnold\Afrizik\Afrizikwebapp
30 verbose already installed skipping time-grunt@^1.0.0 C:\Users\Arnold\Afrizik\Afrizikwebapp
31 verbose cache add name="grunt-karma" spec="*" args=["grunt-karma","*"]
32 verbose parsed url { protocol: null,
32 verbose parsed url   slashes: null,
32 verbose parsed url   auth: null,
32 verbose parsed url   host: null,
32 verbose parsed url   port: null,
32 verbose parsed url   hostname: null,
32 verbose parsed url   hash: null,
32 verbose parsed url   search: null,
32 verbose parsed url   query: null,
32 verbose parsed url   pathname: '*',
32 verbose parsed url   path: '*',
32 verbose parsed url   href: '*' }
33 verbose addNamed [ 'grunt-karma', '*' ]
34 verbose addNamed [ null, '*' ]
35 verbose cache add name="karma-jasmine" spec="*" args=["karma-jasmine","*"]
36 verbose parsed url { protocol: null,
36 verbose parsed url   slashes: null,
36 verbose parsed url   auth: null,
36 verbose parsed url   host: null,
36 verbose parsed url   port: null,
36 verbose parsed url   hostname: null,
36 verbose parsed url   hash: null,
36 verbose parsed url   search: null,
36 verbose parsed url   query: null,
36 verbose parsed url   pathname: '*',
36 verbose parsed url   path: '*',
36 verbose parsed url   href: '*' }
37 verbose addNamed [ 'karma-jasmine', '*' ]
38 verbose addNamed [ null, '*' ]
39 verbose cache add name="karma-phantomjs-launcher" spec="*" args=["karma-phantomjs-launcher","*"]
40 verbose parsed url { protocol: null,
40 verbose parsed url   slashes: null,
40 verbose parsed url   auth: null,
40 verbose parsed url   host: null,
40 verbose parsed url   port: null,
40 verbose parsed url   hostname: null,
40 verbose parsed url   hash: null,
40 verbose parsed url   search: null,
40 verbose parsed url   query: null,
40 verbose parsed url   pathname: '*',
40 verbose parsed url   path: '*',
40 verbose parsed url   href: '*' }
41 verbose addNamed [ 'karma-phantomjs-launcher', '*' ]
42 verbose addNamed [ null, '*' ]
43 verbose already installed skipping grunt@^0.4.5 C:\Users\Arnold\Afrizik\Afrizikwebapp
44 verbose already installed skipping grunt-autoprefixer@^2.0.0 C:\Users\Arnold\Afrizik\Afrizikwebapp
45 verbose already installed skipping grunt-concurrent@^1.0.0 C:\Users\Arnold\Afrizik\Afrizikwebapp
46 verbose already installed skipping grunt-contrib-clean@^0.6.0 C:\Users\Arnold\Afrizik\Afrizikwebapp
47 verbose already installed skipping grunt-contrib-concat@^0.5.0 C:\Users\Arnold\Afrizik\Afrizikwebapp
48 verbose already installed skipping grunt-contrib-connect@^0.9.0 C:\Users\Arnold\Afrizik\Afrizikwebapp
49 verbose already installed skipping grunt-contrib-copy@^0.7.0 C:\Users\Arnold\Afrizik\Afrizikwebapp
50 verbose already installed skipping grunt-contrib-cssmin@^0.12.0 C:\Users\Arnold\Afrizik\Afrizikwebapp
51 verbose already installed skipping grunt-contrib-htmlmin@^0.4.0 C:\Users\Arnold\Afrizik\Afrizikwebapp
52 verbose cache add [ 'grunt-contrib-imagemin@^0.9.2', null ]
53 verbose cache add name=undefined spec="grunt-contrib-imagemin@^0.9.2" args=["grunt-contrib-imagemin@^0.9.2",null]
54 verbose parsed url { protocol: null,
54 verbose parsed url   slashes: null,
54 verbose parsed url   auth: null,
54 verbose parsed url   host: null,
54 verbose parsed url   port: null,
54 verbose parsed url   hostname: null,
54 verbose parsed url   hash: null,
54 verbose parsed url   search: null,
54 verbose parsed url   query: null,
54 verbose parsed url   pathname: 'grunt-contrib-imagemin@^0.9.2',
54 verbose parsed url   path: 'grunt-contrib-imagemin@^0.9.2',
54 verbose parsed url   href: 'grunt-contrib-imagemin@^0.9.2' }
55 verbose cache add name="grunt-contrib-imagemin" spec="^0.9.2" args=["grunt-contrib-imagemin","^0.9.2"]
56 verbose parsed url { protocol: null,
56 verbose parsed url   slashes: null,
56 verbose parsed url   auth: null,
56 verbose parsed url   host: null,
56 verbose parsed url   port: null,
56 verbose parsed url   hostname: null,
56 verbose parsed url   hash: null,
56 verbose parsed url   search: null,
56 verbose parsed url   query: null,
56 verbose parsed url   pathname: '^0.9.2',
56 verbose parsed url   path: '^0.9.2',
56 verbose parsed url   href: '^0.9.2' }
57 verbose addNamed [ 'grunt-contrib-imagemin', '^0.9.2' ]
58 verbose addNamed [ null, '>=0.9.2-0 <0.10.0-0' ]
59 silly lockFile d433d904-grunt-karma grunt-karma@*
60 verbose lock grunt-karma@* C:\Users\Arnold\AppData\Roaming\npm-cache\d433d904-grunt-karma.lock
61 silly lockFile c11103b7-karma-jasmine karma-jasmine@*
62 verbose lock karma-jasmine@* C:\Users\Arnold\AppData\Roaming\npm-cache\c11103b7-karma-jasmine.lock
63 silly lockFile eb87fc55-karma-phantomjs-launcher karma-phantomjs-launcher@*
64 verbose lock karma-phantomjs-launcher@* C:\Users\Arnold\AppData\Roaming\npm-cache\eb87fc55-karma-phantomjs-launcher.lock
65 silly lockFile 4b6a5e1f-grunt-contrib-imagemin-0-9-2 grunt-contrib-imagemin@^0.9.2
66 verbose lock grunt-contrib-imagemin@^0.9.2 C:\Users\Arnold\AppData\Roaming\npm-cache\4b6a5e1f-grunt-contrib-imagemin-0-9-2.lock
67 silly addNameRange { name: 'grunt-contrib-imagemin',
67 silly addNameRange   range: '>=0.9.2-0 <0.10.0-0',
67 silly addNameRange   hasData: false }
68 silly addNameRange { name: 'grunt-karma', range: '*', hasData: false }
69 verbose url raw grunt-contrib-imagemin
70 verbose url resolving [ 'https://registry.npmjs.org/', './grunt-contrib-imagemin' ]
71 verbose url resolved https://registry.npmjs.org/grunt-contrib-imagemin
72 info trying registry request attempt 1 at 15:37:13
73 verbose etag "54VEZN6ADGM15AP47Z75JSDJZ"
74 http GET https://registry.npmjs.org/grunt-contrib-imagemin
75 silly addNameRange { name: 'karma-jasmine', range: '*', hasData: false }
76 silly addNameRange { name: 'karma-phantomjs-launcher', range: '*', hasData: false }
77 verbose url raw karma-phantomjs-launcher
78 verbose url resolving [ 'https://registry.npmjs.org/', './karma-phantomjs-launcher' ]
79 verbose url resolved https://registry.npmjs.org/karma-phantomjs-launcher
80 info trying registry request attempt 1 at 15:37:14
81 verbose etag "9I3S2JPOW9HJW4TXZMZZ0P6YH"
82 http GET https://registry.npmjs.org/karma-phantomjs-launcher
83 verbose url raw grunt-karma
84 verbose url resolving [ 'https://registry.npmjs.org/', './grunt-karma' ]
85 verbose url resolved https://registry.npmjs.org/grunt-karma
86 info trying registry request attempt 1 at 15:37:14
87 verbose etag "8XHQBQA623X12XHRMMHKQQM9Q"
88 http GET https://registry.npmjs.org/grunt-karma
89 verbose url raw karma-jasmine
90 verbose url resolving [ 'https://registry.npmjs.org/', './karma-jasmine' ]
91 verbose url resolved https://registry.npmjs.org/karma-jasmine
92 info trying registry request attempt 1 at 15:37:14
93 verbose etag "D33SC8GORB3I2U3WZCSBZ5NA5"
94 http GET https://registry.npmjs.org/karma-jasmine
95 http 304 https://registry.npmjs.org/karma-phantomjs-launcher
96 silly registry.get cb [ 304,
96 silly registry.get   { date: 'Thu, 11 Jun 2015 14:37:15 GMT',
96 silly registry.get     via: '1.1 varnish',
96 silly registry.get     'cache-control': 'max-age=60',
96 silly registry.get     etag: '"9I3S2JPOW9HJW4TXZMZZ0P6YH"',
96 silly registry.get     age: '44',
96 silly registry.get     connection: 'keep-alive',
96 silly registry.get     'x-served-by': 'cache-lcy1125-LCY',
96 silly registry.get     'x-cache': 'HIT',
96 silly registry.get     'x-cache-hits': '1',
96 silly registry.get     'x-timer': 'S1434033435.007418,VS0,VE0',
96 silly registry.get     vary: 'Accept' } ]
97 verbose etag karma-phantomjs-launcher from cache
98 silly addNameRange number 2 { name: 'karma-phantomjs-launcher', range: '*', hasData: true }
99 silly addNameRange versions [ 'karma-phantomjs-launcher',
99 silly addNameRange   [ '0.0.1',
99 silly addNameRange     '0.0.2',
99 silly addNameRange     '0.0.3',
99 silly addNameRange     '0.1.0',
99 silly addNameRange     '0.1.1',
99 silly addNameRange     '0.1.2',
99 silly addNameRange     '0.1.3',
99 silly addNameRange     '0.1.4',
99 silly addNameRange     '0.2.0' ] ]
100 verbose addNamed [ 'karma-phantomjs-launcher', '0.2.0' ]
101 verbose addNamed [ '0.2.0', '0.2.0' ]
102 silly lockFile e9cdbebe-karma-phantomjs-launcher-0-2-0 karma-phantomjs-launcher@0.2.0
103 verbose lock karma-phantomjs-launcher@0.2.0 C:\Users\Arnold\AppData\Roaming\npm-cache\e9cdbebe-karma-phantomjs-launcher-0-2-0.lock
104 http 304 https://registry.npmjs.org/grunt-contrib-imagemin
105 silly registry.get cb [ 304,
105 silly registry.get   { date: 'Thu, 11 Jun 2015 14:37:14 GMT',
105 silly registry.get     via: '1.1 varnish',
105 silly registry.get     'cache-control': 'max-age=60',
105 silly registry.get     etag: '"54VEZN6ADGM15AP47Z75JSDJZ"',
105 silly registry.get     age: '46',
105 silly registry.get     connection: 'keep-alive',
105 silly registry.get     'x-served-by': 'cache-lcy1127-LCY',
105 silly registry.get     'x-cache': 'HIT',
105 silly registry.get     'x-cache-hits': '2',
105 silly registry.get     'x-timer': 'S1434033434.404827,VS0,VE0',
105 silly registry.get     vary: 'Accept' } ]
106 verbose etag grunt-contrib-imagemin from cache
107 silly addNameRange number 2 { name: 'grunt-contrib-imagemin',
107 silly addNameRange   range: '>=0.9.2-0 <0.10.0-0',
107 silly addNameRange   hasData: true }
108 silly addNameRange versions [ 'grunt-contrib-imagemin',
108 silly addNameRange   [ '0.1.0',
108 silly addNameRange     '0.1.1',
108 silly addNameRange     '0.1.2',
108 silly addNameRange     '0.1.3',
108 silly addNameRange     '0.1.4',
108 silly addNameRange     '0.1.1-rc7',
108 silly addNameRange     '0.1.1-rc8',
108 silly addNameRange     '0.2.0',
108 silly addNameRange     '0.2.1',
108 silly addNameRange     '0.3.0',
108 silly addNameRange     '0.4.0',
108 silly addNameRange     '0.4.1',
108 silly addNameRange     '0.5.0',
108 silly addNameRange     '0.6.0',
108 silly addNameRange     '0.6.1',
108 silly addNameRange     '0.7.0',
108 silly addNameRange     '0.7.1',
108 silly addNameRange     '0.7.2',
108 silly addNameRange     '0.8.0',
108 silly addNameRange     '0.8.1',
108 silly addNameRange     '0.9.0',
108 silly addNameRange     '0.9.1',
108 silly addNameRange     '0.9.2',
108 silly addNameRange     '0.9.3',
108 silly addNameRange     '0.9.4' ] ]
109 verbose addNamed [ 'grunt-contrib-imagemin', '0.9.4' ]
110 verbose addNamed [ '0.9.4', '0.9.4' ]
111 silly lockFile 24151d45-grunt-contrib-imagemin-0-9-4 grunt-contrib-imagemin@0.9.4
112 verbose lock grunt-contrib-imagemin@0.9.4 C:\Users\Arnold\AppData\Roaming\npm-cache\24151d45-grunt-contrib-imagemin-0-9-4.lock
113 silly lockFile 24151d45-grunt-contrib-imagemin-0-9-4 grunt-contrib-imagemin@0.9.4
114 silly lockFile 24151d45-grunt-contrib-imagemin-0-9-4 grunt-contrib-imagemin@0.9.4
115 silly lockFile 4b6a5e1f-grunt-contrib-imagemin-0-9-2 grunt-contrib-imagemin@^0.9.2
116 silly lockFile 4b6a5e1f-grunt-contrib-imagemin-0-9-2 grunt-contrib-imagemin@^0.9.2
117 http 304 https://registry.npmjs.org/grunt-karma
118 silly registry.get cb [ 304,
118 silly registry.get   { date: 'Thu, 11 Jun 2015 14:37:17 GMT',
118 silly registry.get     via: '1.1 varnish',
118 silly registry.get     'cache-control': 'max-age=60',
118 silly registry.get     etag: '"8XHQBQA623X12XHRMMHKQQM9Q"',
118 silly registry.get     age: '15',
118 silly registry.get     connection: 'keep-alive',
118 silly registry.get     'x-served-by': 'cache-lcy1131-LCY',
118 silly registry.get     'x-cache': 'HIT',
118 silly registry.get     'x-cache-hits': '1',
118 silly registry.get     'x-timer': 'S1434033437.908253,VS0,VE0',
118 silly registry.get     vary: 'Accept' } ]
119 verbose etag grunt-karma from cache
120 silly lockFile e9cdbebe-karma-phantomjs-launcher-0-2-0 karma-phantomjs-launcher@0.2.0
121 silly lockFile e9cdbebe-karma-phantomjs-launcher-0-2-0 karma-phantomjs-launcher@0.2.0
122 silly lockFile eb87fc55-karma-phantomjs-launcher karma-phantomjs-launcher@*
123 silly lockFile eb87fc55-karma-phantomjs-launcher karma-phantomjs-launcher@*
124 http 200 https://registry.npmjs.org/karma-jasmine
125 silly registry.get cb [ 200,
125 silly registry.get   { server: 'CouchDB/1.5.0 (Erlang OTP/R16B03)',
125 silly registry.get     etag: '"JM4MIKRU55WG136NWMDTGY3X"',
125 silly registry.get     'content-type': 'application/json',
125 silly registry.get     'cache-control': 'max-age=60',
125 silly registry.get     'content-length': '32036',
125 silly registry.get     'accept-ranges': 'bytes',
125 silly registry.get     date: 'Thu, 11 Jun 2015 14:37:16 GMT',
125 silly registry.get     via: '1.1 varnish',
125 silly registry.get     age: '46',
125 silly registry.get     connection: 'keep-alive',
125 silly registry.get     'x-served-by': 'cache-lcy1127-LCY',
125 silly registry.get     'x-cache': 'HIT',
125 silly registry.get     'x-cache-hits': '1',
125 silly registry.get     'x-timer': 'S1434033436.827964,VS0,VE0',
125 silly registry.get     vary: 'Accept' } ]
126 silly addNameRange number 2 { name: 'grunt-karma', range: '*', hasData: true }
127 silly addNameRange versions [ 'grunt-karma',
127 silly addNameRange   [ '0.3.0',
127 silly addNameRange     '0.4.0',
127 silly addNameRange     '0.4.1',
127 silly addNameRange     '0.4.2',
127 silly addNameRange     '0.4.3',
127 silly addNameRange     '0.4.4',
127 silly addNameRange     '0.5.0',
127 silly addNameRange     '0.4.5',
127 silly addNameRange     '0.5.1',
127 silly addNameRange     '0.5.2',
127 silly addNameRange     '0.4.6',
127 silly addNameRange     '0.5.3',
127 silly addNameRange     '0.5.4',
127 silly addNameRange     '0.6.0',
127 silly addNameRange     '0.6.1',
127 silly addNameRange     '0.7.0',
127 silly addNameRange     '0.6.2',
127 silly addNameRange     '0.7.1',
127 silly addNameRange     '0.7.2',
127 silly addNameRange     '0.7.3',
127 silly addNameRange     '0.8.0',
127 silly addNameRange     '0.8.1',
127 silly addNameRange     '0.8.2',
127 silly addNameRange     '0.8.3',
127 silly addNameRange     '0.9.0',
127 silly addNameRange     '0.10.0',
127 silly addNameRange     '0.10.1',
127 silly addNameRange     '0.11.0' ] ]
128 verbose addNamed [ 'grunt-karma', '0.11.0' ]
129 verbose addNamed [ '0.11.0', '0.11.0' ]
130 silly lockFile dea6f2ff-grunt-karma-0-11-0 grunt-karma@0.11.0
131 verbose lock grunt-karma@0.11.0 C:\Users\Arnold\AppData\Roaming\npm-cache\dea6f2ff-grunt-karma-0-11-0.lock
132 silly addNameRange number 2 { name: 'karma-jasmine', range: '*', hasData: true }
133 silly addNameRange versions [ 'karma-jasmine',
133 silly addNameRange   [ '0.0.1',
133 silly addNameRange     '0.0.2',
133 silly addNameRange     '0.0.3',
133 silly addNameRange     '0.1.0',
133 silly addNameRange     '0.1.1',
133 silly addNameRange     '0.1.2',
133 silly addNameRange     '0.1.3',
133 silly addNameRange     '0.1.4',
133 silly addNameRange     '0.1.5',
133 silly addNameRange     '0.2.0',
133 silly addNameRange     '0.2.1',
133 silly addNameRange     '0.2.2',
133 silly addNameRange     '0.2.3',
133 silly addNameRange     '0.3.0',
133 silly addNameRange     '0.3.1',
133 silly addNameRange     '0.3.2',
133 silly addNameRange     '0.3.3',
133 silly addNameRange     '0.3.4',
133 silly addNameRange     '0.3.5' ] ]
134 verbose addNamed [ 'karma-jasmine', '0.3.5' ]
135 verbose addNamed [ '0.3.5', '0.3.5' ]
136 silly lockFile b510234b-karma-jasmine-0-3-5 karma-jasmine@0.3.5
137 verbose lock karma-jasmine@0.3.5 C:\Users\Arnold\AppData\Roaming\npm-cache\b510234b-karma-jasmine-0-3-5.lock
138 silly lockFile dea6f2ff-grunt-karma-0-11-0 grunt-karma@0.11.0
139 silly lockFile dea6f2ff-grunt-karma-0-11-0 grunt-karma@0.11.0
140 silly lockFile d433d904-grunt-karma grunt-karma@*
141 silly lockFile d433d904-grunt-karma grunt-karma@*
142 silly lockFile b510234b-karma-jasmine-0-3-5 karma-jasmine@0.3.5
143 silly lockFile b510234b-karma-jasmine-0-3-5 karma-jasmine@0.3.5
144 silly lockFile c11103b7-karma-jasmine karma-jasmine@*
145 silly lockFile c11103b7-karma-jasmine karma-jasmine@*
146 silly resolved [ { name: 'grunt-contrib-imagemin',
146 silly resolved     description: 'Minify images',
146 silly resolved     version: '0.9.4',
146 silly resolved     author: { name: 'Grunt Team', url: 'http://gruntjs.com/' },
146 silly resolved     repository:
146 silly resolved      { type: 'git',
146 silly resolved        url: 'https://github.com/gruntjs/grunt-contrib-imagemin' },
146 silly resolved     licenses: [ [Object] ],
146 silly resolved     engines: { node: '>=0.10.0' },
146 silly resolved     scripts: { test: 'grunt test' },
146 silly resolved     dependencies:
146 silly resolved      { async: '^0.9.0',
146 silly resolved        chalk: '^1.0.0',
146 silly resolved        'gulp-rename': '^1.2.0',
146 silly resolved        imagemin: '^3.1.0',
146 silly resolved        'pretty-bytes': '^1.0.1' },
146 silly resolved     devDependencies:
146 silly resolved      { grunt: '^0.4.5',
146 silly resolved        'grunt-cli': '^0.1.13',
146 silly resolved        'grunt-contrib-clean': '^0.6.0',
146 silly resolved        'grunt-contrib-internal': '^0.4.10',
146 silly resolved        'grunt-contrib-jshint': '^0.11.0',
146 silly resolved        'grunt-contrib-nodeunit': '^0.4.1',
146 silly resolved        'time-grunt': '^1.1.0' },
146 silly resolved     peerDependencies: { grunt: '>=0.4.0' },
146 silly resolved     keywords:
146 silly resolved      [ 'gruntplugin',
146 silly resolved        'compress',
146 silly resolved        'gif',
146 silly resolved        'image',
146 silly resolved        'img',
146 silly resolved        'jpeg',
146 silly resolved        'jpg',
146 silly resolved        'minify',
146 silly resolved        'png',
146 silly resolved        'svg' ],
146 silly resolved     files: [ 'tasks' ],
146 silly resolved     appveyor_id: '7w491e6edsuanreu',
146 silly resolved     contributors:
146 silly resolved      [ [Object],
146 silly resolved        [Object],
146 silly resolved        [Object],
146 silly resolved        [Object],
146 silly resolved        [Object],
146 silly resolved        [Object],
146 silly resolved        [Object],
146 silly resolved        [Object],
146 silly resolved        [Object],
146 silly resolved        [Object],
146 silly resolved        [Object],
146 silly resolved        [Object],
146 silly resolved        [Object],
146 silly resolved        [Object],
146 silly resolved        [Object],
146 silly resolved        [Object],
146 silly resolved        [Object],
146 silly resolved        [Object],
146 silly resolved        [Object],
146 silly resolved        [Object],
146 silly resolved        [Object],
146 silly resolved        [Object],
146 silly resolved        [Object],
146 silly resolved        [Object],
146 silly resolved        [Object] ],
146 silly resolved     gitHead: 'c4157e74e646e66ef3ba647a1d7e1f9964aa5804',
146 silly resolved     bugs: { url: 'https://github.com/gruntjs/grunt-contrib-imagemin/issues' },
146 silly resolved     homepage: 'https://github.com/gruntjs/grunt-contrib-imagemin',
146 silly resolved     _id: 'grunt-contrib-imagemin@0.9.4',
146 silly resolved     _shasum: 'dba724b0b8978facedec1e0c6235f2253006c1fa',
146 silly resolved     _from: 'grunt-contrib-imagemin@^0.9.2',
146 silly resolved     _npmVersion: '2.7.0',
146 silly resolved     _nodeVersion: '1.5.0',
146 silly resolved     _npmUser: { name: 'kevva', email: 'kevinmartensson@gmail.com' },
146 silly resolved     maintainers:
146 silly resolved      [ [Object],
146 silly resolved        [Object],
146 silly resolved        [Object],
146 silly resolved        [Object],
146 silly resolved        [Object],
146 silly resolved        [Object],
146 silly resolved        [Object] ],
146 silly resolved     dist:
146 silly resolved      { shasum: 'dba724b0b8978facedec1e0c6235f2253006c1fa',
146 silly resolved        tarball: 'http://registry.npmjs.org/grunt-contrib-imagemin/-/grunt-contrib-imagemin-0.9.4.tgz' },
146 silly resolved     directories: {},
146 silly resolved     _resolved: 'https://registry.npmjs.org/grunt-contrib-imagemin/-/grunt-contrib-imagemin-0.9.4.tgz',
146 silly resolved     readme: 'ERROR: No README data found!' },
146 silly resolved   { name: 'karma-phantomjs-launcher',
146 silly resolved     version: '0.2.0',
146 silly resolved     description: 'A Karma plugin. Launcher for PhantomJS.',
146 silly resolved     main: 'index.js',
146 silly resolved     scripts: { test: 'echo "Error: no test specified" && exit 1' },
146 silly resolved     repository:
146 silly resolved      { type: 'git',
146 silly resolved        url: 'git://github.com/karma-runner/karma-phantomjs-launcher.git' },
146 silly resolved     keywords: [ 'karma-plugin', 'karma-launcher', 'phantomjs' ],
146 silly resolved     author: { name: 'Vojta Jina', email: 'vojta.jina@gmail.com' },
146 silly resolved     dependencies: { lodash: '~3.9.3' },
146 silly resolved     peerDependencies: { karma: '>=0.9', phantomjs: '>=1.9' },
146 silly resolved     license: 'MIT',
146 silly resolved     devDependencies:
146 silly resolved      { eslint: '^0.21.2',
146 silly resolved        'eslint-config-standard': '^1.1.1',
146 silly resolved        'eslint-plugin-react': '^2.3.0',
146 silly resolved        grunt: '~0.4.1',
146 silly resolved        'grunt-auto-release': '~0.0.2',
146 silly resolved        'grunt-bump': '~0.3.1',
146 silly resolved        'grunt-conventional-changelog': '^1.2.2',
146 silly resolved        'grunt-eslint': '^13.0.0',
146 silly resolved        'grunt-karma': '^0.11.0',
146 silly resolved        'grunt-npm': '~0.0.2',
146 silly resolved        'jasmine-core': '^2.3.4',
146 silly resolved        karma: '^0.12.33',
146 silly resolved        'karma-jasmine': '^0.3.5',
146 silly resolved        'load-grunt-tasks': '^3.2.0' },
146 silly resolved     contributors:
146 silly resolved      [ [Object],
146 silly resolved        [Object],
146 silly resolved        [Object],
146 silly resolved        [Object],
146 silly resolved        [Object],
146 silly resolved        [Object],
146 silly resolved        [Object],
146 silly resolved        [Object],
146 silly resolved        [Object],
146 silly resolved        [Object],
146 silly resolved        [Object],
146 silly resolved        [Object],
146 silly resolved        [Object],
146 silly resolved        [Object] ],
146 silly resolved     gitHead: 'e20469ca701e5a8205b3ee4b46883427ade4918b',
146 silly resolved     bugs: { url: 'https://github.com/karma-runner/karma-phantomjs-launcher/issues' },
146 silly resolved     homepage: 'https://github.com/karma-runner/karma-phantomjs-launcher#readme',
146 silly resolved     _id: 'karma-phantomjs-launcher@0.2.0',
146 silly resolved     _shasum: '167c2d7c06a02efdd1a0fb948ae168e9e54fc4a6',
146 silly resolved     _from: 'karma-phantomjs-launcher@*',
146 silly resolved     _npmVersion: '2.10.1',
146 silly resolved     _nodeVersion: '2.1.0',
146 silly resolved     _npmUser: { name: 'dignifiedquire', email: 'dignifiedquire@gmail.com' },
146 silly resolved     dist:
146 silly resolved      { shasum: '167c2d7c06a02efdd1a0fb948ae168e9e54fc4a6',
146 silly resolved        tarball: 'http://registry.npmjs.org/karma-phantomjs-launcher/-/karma-phantomjs-launcher-0.2.0.tgz' },
146 silly resolved     maintainers: [ [Object], [Object], [Object], [Object] ],
146 silly resolved     directories: {},
146 silly resolved     _resolved: 'https://registry.npmjs.org/karma-phantomjs-launcher/-/karma-phantomjs-launcher-0.2.0.tgz',
146 silly resolved     readme: 'ERROR: No README data found!' },
146 silly resolved   { name: 'grunt-karma',
146 silly resolved     version: '0.11.0',
146 silly resolved     description: 'grunt plugin for karma test runner',
146 silly resolved     main: 'tasks/grunt-karma.js',
146 silly resolved     repository:
146 silly resolved      { type: 'git',
146 silly resolved        url: 'git+https://github.com/karma-runner/grunt-karma.git' },
146 silly resolved     keywords: [ 'gruntplugin', 'karma', 'grunt', 'test', 'unit', 'runner', 'TDD' ],
146 silly resolved     scripts: { test: 'grunt test' },
146 silly resolved     author: { name: 'Dave Geddes' },
146 silly resolved     license: 'MIT',
146 silly resolved     dependencies: { lodash: '~3.9.3' },
146 silly resolved     devDependencies:
146 silly resolved      { eslint: '^0.21.2',
146 silly resolved        'eslint-config-standard': '^1.1.1',
146 silly resolved        'eslint-plugin-react': '^2.3.0',
146 silly resolved        'expect.js': '^0.3.1',
146 silly resolved        grunt: '~0.4.3',
146 silly resolved        'grunt-bump': '0.3.1',
146 silly resolved        'grunt-contrib-watch': '~0.6.1',
146 silly resolved        'grunt-conventional-changelog': '~1.2.2',
146 silly resolved        'grunt-eslint': '^13.0.0',
146 silly resolved        'grunt-npm': '0.0.2',
146 silly resolved        karma: '~0.12.0',
146 silly resolved        'karma-chrome-launcher': '~0.1.2',
146 silly resolved        'karma-firefox-launcher': '~0.1.3',
146 silly resolved        'karma-mocha': '~0.1.3',
146 silly resolved        'load-grunt-tasks': '^3.2.0' },
146 silly resolved     peerDependencies: { grunt: '0.4.x', karma: '~0.12.0' },
146 silly resolved     contributors:
146 silly resolved      [ [Object],
146 silly resolved        [Object],
146 silly resolved        [Object],
146 silly resolved        [Object],
146 silly resolved        [Object],
146 silly resolved        [Object],
146 silly resolved        [Object],
146 silly resolved        [Object],
146 silly resolved        [Object],
146 silly resolved        [Object],
146 silly resolved        [Object],
146 silly resolved        [Object],
146 silly resolved        [Object],
146 silly resolved        [Object],
146 silly resolved        [Object],
146 silly resolved        [Object],
146 silly resolved        [Object],
146 silly resolved        [Object],
146 silly resolved        [Object],
146 silly resolved        [Object],
146 silly resolved        [Object],
146 silly resolved        [Object],
146 silly resolved        [Object],
146 silly resolved        [Object],
146 silly resolved        [Object],
146 silly resolved        [Object] ],
146 silly resolved     gitHead: 'b4bd27d773b1e435476a0013b679c34914763ed4',
146 silly resolved     bugs: { url: 'https://github.com/karma-runner/grunt-karma/issues' },
146 silly resolved     homepage: 'https://github.com/karma-runner/grunt-karma#readme',
146 silly resolved     _id: 'grunt-karma@0.11.0',
146 silly resolved     _shasum: '8f649e26533635f2471c8e1f35d255f90a581b9d',
146 silly resolved     _from: 'grunt-karma@*',
146 silly resolved     _npmVersion: '2.10.0',
146 silly resolved     _nodeVersion: '0.10.38',
146 silly resolved     _npmUser: { name: 'dignifiedquire', email: 'dignifiedquire@gmail.com' },
146 silly resolved     dist:
146 silly resolved      { shasum: '8f649e26533635f2471c8e1f35d255f90a581b9d',
146 silly resolved        tarball: 'http://registry.npmjs.org/grunt-karma/-/grunt-karma-0.11.0.tgz' },
146 silly resolved     maintainers: [ [Object], [Object], [Object], [Object] ],
146 silly resolved     directories: {},
146 silly resolved     _resolved: 'https://registry.npmjs.org/grunt-karma/-/grunt-karma-0.11.0.tgz',
146 silly resolved     readme: 'ERROR: No README data found!' },
146 silly resolved   { name: 'karma-jasmine',
146 silly resolved     version: '0.3.5',
146 silly resolved     description: 'A Karma plugin - adapter for Jasmine testing framework.',
146 silly resolved     main: 'lib/index.js',
146 silly resolved     scripts: { test: 'grunt test' },
146 silly resolved     repository:
146 silly resolved      { type: 'git',
146 silly resolved        url: 'git://github.com/karma-runner/karma-jasmine.git' },
146 silly resolved     keywords: [ 'karma-plugin', 'karma-adapter', 'jasmine' ],
146 silly resolved     author: { name: 'Vojta Jina', email: 'vojta.jina@gmail.com' },
146 silly resolved     dependencies: {},
146 silly resolved     devDependencies:
146 silly resolved      { grunt: '~0.4.1',
146 silly resolved        'grunt-contrib-jshint': '~0.6',
146 silly resolved        karma: '~0.12.0',
146 silly resolved        'karma-jasmine': '~0.1.0',
146 silly resolved        'karma-chrome-launcher': '~0.1.0',
146 silly resolved        'karma-firefox-launcher': '~0.1.0',
146 silly resolved        'grunt-karma': '~0.8.0',
146 silly resolved        'grunt-auto-release': '~0.0.2',
146 silly resolved        'grunt-npm': '~0.0.2',
146 silly resolved        'grunt-bump': '~0.0.7',
146 silly resolved        'jasmine-core': '~2.1.0' },
146 silly resolved     peerDependencies: { karma: '>=0.9', 'jasmine-core': '*' },
146 silly resolved     license: 'MIT',
146 silly resolved     contributors:
146 silly resolved      [ [Object],
146 silly resolved        [Object],
146 silly resolved        [Object],
146 silly resolved        [Object],
146 silly resolved        [Object],
146 silly resolved        [Object],
146 silly resolved        [Object],
146 silly resolved        [Object],
146 silly resolved        [Object],
146 silly resolved        [Object],
146 silly resolved        [Object],
146 silly resolved        [Object],
146 silly resolved        [Object] ],
146 silly resolved     bugs: { url: 'https://github.com/karma-runner/karma-jasmine/issues' },
146 silly resolved     homepage: 'https://github.com/karma-runner/karma-jasmine',
146 silly resolved     _id: 'karma-jasmine@0.3.5',
146 silly resolved     dist:
146 silly resolved      { shasum: 'd6c7bce49f0747b59b557156502a28009a44055d',
146 silly resolved        tarball: 'http://registry.npmjs.org/karma-jasmine/-/karma-jasmine-0.3.5.tgz' },
146 silly resolved     _from: 'karma-jasmine@*',
146 silly resolved     _npmVersion: '1.4.4',
146 silly resolved     _npmUser: { name: 'vojtajina', email: 'vojta.jina@gmail.com' },
146 silly resolved     maintainers: [ [Object], [Object] ],
146 silly resolved     directories: {},
146 silly resolved     _shasum: 'd6c7bce49f0747b59b557156502a28009a44055d',
146 silly resolved     _resolved: 'https://registry.npmjs.org/karma-jasmine/-/karma-jasmine-0.3.5.tgz',
146 silly resolved     readme: 'ERROR: No README data found!' } ]
147 info install grunt-contrib-imagemin@0.9.4 into C:\Users\Arnold\Afrizik\Afrizikwebapp
148 info install karma-phantomjs-launcher@0.2.0 into C:\Users\Arnold\Afrizik\Afrizikwebapp
149 info install grunt-karma@0.11.0 into C:\Users\Arnold\Afrizik\Afrizikwebapp
150 info install karma-jasmine@0.3.5 into C:\Users\Arnold\Afrizik\Afrizikwebapp
151 info installOne grunt-contrib-imagemin@0.9.4
152 info installOne karma-phantomjs-launcher@0.2.0
153 info installOne grunt-karma@0.11.0
154 info installOne karma-jasmine@0.3.5
155 info C:\Users\Arnold\Afrizik\Afrizikwebapp\node_modules\karma-phantomjs-launcher unbuild
156 info C:\Users\Arnold\Afrizik\Afrizikwebapp\node_modules\grunt-karma unbuild
157 info C:\Users\Arnold\Afrizik\Afrizikwebapp\node_modules\karma-jasmine unbuild
158 info C:\Users\Arnold\Afrizik\Afrizikwebapp\node_modules\grunt-contrib-imagemin unbuild
159 verbose tar unpack C:\Users\Arnold\AppData\Roaming\npm-cache\karma-phantomjs-launcher\0.2.0\package.tgz
160 silly lockFile 4896c303-modules-karma-phantomjs-launcher tar://C:\Users\Arnold\Afrizik\Afrizikwebapp\node_modules\karma-phantomjs-launcher
161 verbose lock tar://C:\Users\Arnold\Afrizik\Afrizikwebapp\node_modules\karma-phantomjs-launcher C:\Users\Arnold\AppData\Roaming\npm-cache\4896c303-modules-karma-phantomjs-launcher.lock
162 silly lockFile 8786639e-tomjs-launcher-0-2-0-package-tgz tar://C:\Users\Arnold\AppData\Roaming\npm-cache\karma-phantomjs-launcher\0.2.0\package.tgz
163 verbose lock tar://C:\Users\Arnold\AppData\Roaming\npm-cache\karma-phantomjs-launcher\0.2.0\package.tgz C:\Users\Arnold\AppData\Roaming\npm-cache\8786639e-tomjs-launcher-0-2-0-package-tgz.lock
164 verbose tar unpack C:\Users\Arnold\AppData\Roaming\npm-cache\grunt-karma\0.11.0\package.tgz
165 silly lockFile 9957dfb8-kwebapp-node-modules-grunt-karma tar://C:\Users\Arnold\Afrizik\Afrizikwebapp\node_modules\grunt-karma
166 verbose lock tar://C:\Users\Arnold\Afrizik\Afrizikwebapp\node_modules\grunt-karma C:\Users\Arnold\AppData\Roaming\npm-cache\9957dfb8-kwebapp-node-modules-grunt-karma.lock
167 silly lockFile a70c8071-e-grunt-karma-0-11-0-package-tgz tar://C:\Users\Arnold\AppData\Roaming\npm-cache\grunt-karma\0.11.0\package.tgz
168 verbose lock tar://C:\Users\Arnold\AppData\Roaming\npm-cache\grunt-karma\0.11.0\package.tgz C:\Users\Arnold\AppData\Roaming\npm-cache\a70c8071-e-grunt-karma-0-11-0-package-tgz.lock
169 verbose tar unpack C:\Users\Arnold\AppData\Roaming\npm-cache\karma-jasmine\0.3.5\package.tgz
170 silly lockFile b77f8090-ebapp-node-modules-karma-jasmine tar://C:\Users\Arnold\Afrizik\Afrizikwebapp\node_modules\karma-jasmine
171 verbose lock tar://C:\Users\Arnold\Afrizik\Afrizikwebapp\node_modules\karma-jasmine C:\Users\Arnold\AppData\Roaming\npm-cache\b77f8090-ebapp-node-modules-karma-jasmine.lock
172 silly lockFile 2e9bc727--karma-jasmine-0-3-5-package-tgz tar://C:\Users\Arnold\AppData\Roaming\npm-cache\karma-jasmine\0.3.5\package.tgz
173 verbose lock tar://C:\Users\Arnold\AppData\Roaming\npm-cache\karma-jasmine\0.3.5\package.tgz C:\Users\Arnold\AppData\Roaming\npm-cache\2e9bc727--karma-jasmine-0-3-5-package-tgz.lock
174 info C:\Users\Arnold\Afrizik\Afrizikwebapp\node_modules\grunt-contrib-imagemin unbuild
175 silly gunzTarPerm modes [ '755', '644' ]
176 silly gunzTarPerm modes [ '755', '644' ]
177 silly gunzTarPerm modes [ '755', '644' ]
178 silly gunzTarPerm extractEntry package.json
179 silly gunzTarPerm extractEntry package.json
180 silly gunzTarPerm extractEntry package.json
181 silly gunzTarPerm extractEntry .npmignore
182 silly gunzTarPerm extractEntry README.md
183 silly gunzTarPerm extractEntry README.md
184 silly gunzTarPerm extractEntry LICENSE
185 silly gunzTarPerm extractEntry .npmignore
186 silly gunzTarPerm extractEntry README.md
187 silly gunzTarPerm extractEntry LICENSE
188 silly gunzTarPerm extractEntry capture.template.js
189 silly gunzTarPerm extractEntry LICENSE
190 silly gunzTarPerm extractEntry gruntfile.js
191 silly gunzTarPerm extractEntry karma.conf.js
192 silly gunzTarPerm extractEntry gruntfile.js
193 silly gunzTarPerm extractEntry index.js
194 silly gunzTarPerm extractEntry karma.conf.js
195 silly gunzTarPerm extractEntry .travis.yml
196 silly gunzTarPerm extractEntry CHANGELOG.md
197 silly gunzTarPerm extractEntry .eslintrc
198 silly gunzTarPerm extractEntry test/add.spec.js
199 silly gunzTarPerm extractEntry integration-tests.sh
200 silly gunzTarPerm extractEntry lib/adapter.js
201 silly gunzTarPerm extractEntry TODO.md
202 silly gunzTarPerm extractEntry .mailmap
203 silly gunzTarPerm extractEntry lib/boot.js
204 silly gunzTarPerm extractEntry .travis.yml
205 silly gunzTarPerm extractEntry CHANGELOG.md
206 silly gunzTarPerm extractEntry lib/index.js
207 silly gunzTarPerm extractEntry lib/background.js
208 silly gunzTarPerm extractEntry tasks/grunt-karma.js
209 silly gunzTarPerm extractEntry .eslintrc
210 silly gunzTarPerm extractEntry test/grunt-karma-test.js
211 silly lockFile 9957dfb8-kwebapp-node-modules-grunt-karma tar://C:\Users\Arnold\Afrizik\Afrizikwebapp\node_modules\grunt-karma
212 silly lockFile 9957dfb8-kwebapp-node-modules-grunt-karma tar://C:\Users\Arnold\Afrizik\Afrizikwebapp\node_modules\grunt-karma
213 silly lockFile a70c8071-e-grunt-karma-0-11-0-package-tgz tar://C:\Users\Arnold\AppData\Roaming\npm-cache\grunt-karma\0.11.0\package.tgz
214 silly lockFile a70c8071-e-grunt-karma-0-11-0-package-tgz tar://C:\Users\Arnold\AppData\Roaming\npm-cache\grunt-karma\0.11.0\package.tgz
215 info preinstall grunt-karma@0.11.0
216 verbose readDependencies using package.json deps
217 verbose readDependencies using package.json deps
218 verbose cache add [ 'lodash@~3.9.3', null ]
219 verbose cache add name=undefined spec="lodash@~3.9.3" args=["lodash@~3.9.3",null]
220 verbose parsed url { protocol: null,
220 verbose parsed url   slashes: null,
220 verbose parsed url   auth: null,
220 verbose parsed url   host: null,
220 verbose parsed url   port: null,
220 verbose parsed url   hostname: null,
220 verbose parsed url   hash: null,
220 verbose parsed url   search: null,
220 verbose parsed url   query: null,
220 verbose parsed url   pathname: 'lodash@~3.9.3',
220 verbose parsed url   path: 'lodash@~3.9.3',
220 verbose parsed url   href: 'lodash@~3.9.3' }
221 verbose cache add name="lodash" spec="~3.9.3" args=["lodash","~3.9.3"]
222 verbose parsed url { protocol: null,
222 verbose parsed url   slashes: null,
222 verbose parsed url   auth: null,
222 verbose parsed url   host: null,
222 verbose parsed url   port: null,
222 verbose parsed url   hostname: null,
222 verbose parsed url   hash: null,
222 verbose parsed url   search: null,
222 verbose parsed url   query: null,
222 verbose parsed url   pathname: '~3.9.3',
222 verbose parsed url   path: '~3.9.3',
222 verbose parsed url   href: '~3.9.3' }
223 verbose addNamed [ 'lodash', '~3.9.3' ]
224 verbose addNamed [ null, '>=3.9.3-0 <3.10.0-0' ]
225 silly lockFile 046eb53a-lodash-3-9-3 lodash@~3.9.3
226 verbose lock lodash@~3.9.3 C:\Users\Arnold\AppData\Roaming\npm-cache\046eb53a-lodash-3-9-3.lock
227 silly addNameRange { name: 'lodash', range: '>=3.9.3-0 <3.10.0-0', hasData: false }
228 silly lockFile 4896c303-modules-karma-phantomjs-launcher tar://C:\Users\Arnold\Afrizik\Afrizikwebapp\node_modules\karma-phantomjs-launcher
229 silly lockFile 4896c303-modules-karma-phantomjs-launcher tar://C:\Users\Arnold\Afrizik\Afrizikwebapp\node_modules\karma-phantomjs-launcher
230 silly lockFile 8786639e-tomjs-launcher-0-2-0-package-tgz tar://C:\Users\Arnold\AppData\Roaming\npm-cache\karma-phantomjs-launcher\0.2.0\package.tgz
231 silly lockFile 8786639e-tomjs-launcher-0-2-0-package-tgz tar://C:\Users\Arnold\AppData\Roaming\npm-cache\karma-phantomjs-launcher\0.2.0\package.tgz
232 info preinstall karma-phantomjs-launcher@0.2.0
233 verbose readDependencies using package.json deps
234 verbose readDependencies using package.json deps
235 verbose cache add [ 'lodash@~3.9.3', null ]
236 verbose cache add name=undefined spec="lodash@~3.9.3" args=["lodash@~3.9.3",null]
237 verbose parsed url { protocol: null,
237 verbose parsed url   slashes: null,
237 verbose parsed url   auth: null,
237 verbose parsed url   host: null,
237 verbose parsed url   port: null,
237 verbose parsed url   hostname: null,
237 verbose parsed url   hash: null,
237 verbose parsed url   search: null,
237 verbose parsed url   query: null,
237 verbose parsed url   pathname: 'lodash@~3.9.3',
237 verbose parsed url   path: 'lodash@~3.9.3',
237 verbose parsed url   href: 'lodash@~3.9.3' }
238 verbose cache add name="lodash" spec="~3.9.3" args=["lodash","~3.9.3"]
239 verbose parsed url { protocol: null,
239 verbose parsed url   slashes: null,
239 verbose parsed url   auth: null,
239 verbose parsed url   host: null,
239 verbose parsed url   port: null,
239 verbose parsed url   hostname: null,
239 verbose parsed url   hash: null,
239 verbose parsed url   search: null,
239 verbose parsed url   query: null,
239 verbose parsed url   pathname: '~3.9.3',
239 verbose parsed url   path: '~3.9.3',
239 verbose parsed url   href: '~3.9.3' }
240 verbose addNamed [ 'lodash', '~3.9.3' ]
241 verbose url raw lodash
242 verbose url resolving [ 'https://registry.npmjs.org/', './lodash' ]
243 verbose url resolved https://registry.npmjs.org/lodash
244 info trying registry request attempt 1 at 15:37:48
245 verbose etag "B3EBN7V1RADG9DRZC2BMS7AP5"
246 http GET https://registry.npmjs.org/lodash
247 error error rolling back Error: EPERM, rmdir 'C:\Users\Arnold\Afrizik\Afrizikwebapp\node_modules\grunt-contrib-imagemin\node_modules\imagemin\node_modules\imagemin-optipng\node_modules\optipng-bin\node_modules\bin-wrapper\node_modules\bin-check\node_modules\spawn-sync\node_modules\try-thread-sleep\node_modules\thread-sleep\node_modules'
247 error error rolling back  grunt-contrib-imagemin@0.9.4 { [Error: EPERM, rmdir 'C:\Users\Arnold\Afrizik\Afrizikwebapp\node_modules\grunt-contrib-imagemin\node_modules\imagemin\node_modules\imagemin-optipng\node_modules\optipng-bin\node_modules\bin-wrapper\node_modules\bin-check\node_modules\spawn-sync\node_modules\try-thread-sleep\node_modules\thread-sleep\node_modules']
247 error error rolling back   errno: 50,
247 error error rolling back   code: 'EPERM',
247 error error rolling back   path: 'C:\\Users\\Arnold\\Afrizik\\Afrizikwebapp\\node_modules\\grunt-contrib-imagemin\\node_modules\\imagemin\\node_modules\\imagemin-optipng\\node_modules\\optipng-bin\\node_modules\\bin-wrapper\\node_modules\\bin-check\\node_modules\\spawn-sync\\node_modules\\try-thread-sleep\\node_modules\\thread-sleep\\node_modules' }
248 error Error: EPERM, unlink 'C:\Users\Arnold\Afrizik\Afrizikwebapp\node_modules\grunt-contrib-imagemin\node_modules\imagemin\node_modules\imagemin-optipng\node_modules\optipng-bin\node_modules\bin-build\node_modules\download\node_modules\decompress-tarbz2\node_modules\tar-stream\node_modules\bl'
248 error  { [Error: EPERM, unlink 'C:\Users\Arnold\Afrizik\Afrizikwebapp\node_modules\grunt-contrib-imagemin\node_modules\imagemin\node_modules\imagemin-optipng\node_modules\optipng-bin\node_modules\bin-build\node_modules\download\node_modules\decompress-tarbz2\node_modules\tar-stream\node_modules\bl']
248 error   errno: 50,
248 error   code: 'EPERM',
248 error   path: 'C:\\Users\\Arnold\\Afrizik\\Afrizikwebapp\\node_modules\\grunt-contrib-imagemin\\node_modules\\imagemin\\node_modules\\imagemin-optipng\\node_modules\\optipng-bin\\node_modules\\bin-build\\node_modules\\download\\node_modules\\decompress-tarbz2\\node_modules\\tar-stream\\node_modules\\bl' }
249 error Please try running this command again as root/Administrator.
250 error System Windows_NT 6.2.9200
251 error command "C:\\Program Files\\nodejs\\\\node.exe" "C:\\Program Files\\nodejs\\node_modules\\npm\\bin\\npm-cli.js" "install"
252 error cwd C:\Users\Arnold\Afrizik\Afrizikwebapp
253 error node -v v0.10.29
254 error npm -v 1.4.14
255 error path C:\Users\Arnold\Afrizik\Afrizikwebapp\node_modules\grunt-contrib-imagemin\node_modules\imagemin\node_modules\imagemin-optipng\node_modules\optipng-bin\node_modules\bin-build\node_modules\download\node_modules\decompress-tarbz2\node_modules\tar-stream\node_modules\bl
256 error code EPERM
257 error errno 50
258 error stack Error: EPERM, unlink 'C:\Users\Arnold\Afrizik\Afrizikwebapp\node_modules\grunt-contrib-imagemin\node_modules\imagemin\node_modules\imagemin-optipng\node_modules\optipng-bin\node_modules\bin-build\node_modules\download\node_modules\decompress-tarbz2\node_modules\tar-stream\node_modules\bl'
259 verbose exit [ 50, true ]
